<?xml version="1.0" encoding="UTF-8"?>
<!-- Generated by org.testng.reporters.JUnitReportReporter -->
<testsuite hostname="DESKTOP-AJLC7JG" failures="0" tests="1" name="com.commrece.testscript.Register" time="25.087" errors="0" timestamp="2024-01-26T17:15:33 IST" skipped="0">
  <testcase classname="com.commrece.testscript.Register" name="testtestverifyRegister" time="25.087"/>
  <system-out/>
</testsuite> <!-- com.commrece.testscript.Register -->
