<?xml version="1.0" encoding="UTF-8"?>
<!-- Generated by org.testng.reporters.JUnitReportReporter -->
<testsuite hostname="DESKTOP-AJLC7JG" failures="0" tests="1" name="com.commerce.testscript.Register" time="26.831" errors="0" timestamp="2024-01-28T20:17:48 IST" skipped="0">
  <testcase classname="com.commerce.testscript.Register" name="testtestverifyRegister" time="26.831"/>
  <system-out/>
</testsuite> <!-- com.commerce.testscript.Register -->
