<?xml version="1.0" encoding="UTF-8"?>
<!-- Generated by org.testng.reporters.JUnitReportReporter -->
<testsuite hostname="DESKTOP-AJLC7JG" failures="0" tests="1" name="testscript.CreateQualifications" time="44.725" errors="0" timestamp="2024-02-19T16:32:46 IST" skipped="0">
  <testcase classname="testscript.CreateQualifications" name="testaddDetails" time="44.725"/>
  <system-out>
    <![CDATA[addDetails]]>
  </system-out>
</testsuite> <!-- testscript.CreateQualifications -->
