<?xml version="1.0" encoding="UTF-8"?>
<!-- Generated by org.testng.reporters.JUnitReportReporter -->
<testsuite hostname="DESKTOP-AJLC7JG" failures="0" tests="1" name="com.commerce.testscript.LoginToAppl" time="13.879" errors="0" timestamp="2024-01-28T20:21:42 IST" skipped="0">
  <testcase classname="com.commerce.testscript.LoginToAppl" name="testverifyLogin" time="13.879"/>
  <system-out/>
</testsuite> <!-- com.commerce.testscript.LoginToAppl -->
