<?xml version="1.0" encoding="UTF-8"?>
<!-- Generated by org.testng.reporters.JUnitReportReporter -->
<testsuite hostname="DESKTOP-AJLC7JG" failures="0" tests="1" name="testscript.CreateAccount" time="4.240" errors="0" timestamp="2024-01-22T17:22:17 IST" skipped="0">
  <testcase classname="testscript.CreateAccount" name="verifyAccount" time="4.240"/>
  <system-out>
    <![CDATA[CreateAccount]]>
  </system-out>
</testsuite> <!-- testscript.CreateAccount -->
