<?xml version="1.0" encoding="UTF-8"?>
<!-- Generated by org.testng.reporters.JUnitReportReporter -->
<testsuite hostname="DESKTOP-AJLC7JG" failures="0" tests="1" name="com.facebook.testscript.CreateAccount" time="11.387" errors="0" timestamp="2024-02-14T16:32:34 IST" skipped="0">
  <testcase classname="com.facebook.testscript.CreateAccount" name="testverifyAccount" time="11.387"/>
  <system-out>
    <![CDATA[verifyAccount]]>
  </system-out>
</testsuite> <!-- com.facebook.testscript.CreateAccount -->
