<?xml version="1.0" encoding="UTF-8"?>
<!-- Generated by org.testng.reporters.JUnitReportReporter -->
<testsuite hostname="DESKTOP-AJLC7JG" failures="0" tests="1" name="com.flipkart.testscript.Dextries" time="11.681" errors="0" timestamp="2024-01-25T15:48:48 IST" skipped="0">
  <testcase classname="com.flipkart.testscript.Dextries" name="verifyIndustries" time="11.681"/>
  <system-out/>
</testsuite> <!-- com.flipkart.testscript.Dextries -->
