<?xml version="1.0" encoding="UTF-8"?>
<!-- Generated by org.testng.reporters.JUnitReportReporter -->
<testsuite hostname="DESKTOP-AJLC7JG" failures="0" tests="1" name="demo.Instagram" time="10.314" errors="0" timestamp="2024-02-16T14:17:26 IST" skipped="0">
  <testcase classname="demo.Instagram" name="login" time="10.314"/>
  <system-out/>
</testsuite> <!-- demo.Instagram -->
