<?xml version="1.0" encoding="UTF-8"?>
<!-- Generated by org.testng.reporters.JUnitReportReporter -->
<testsuite hostname="DESKTOP-AJLC7JG" failures="0" tests="2" name="demo.Dextries" time="43.702" errors="0" timestamp="2024-02-13T16:53:08 IST" skipped="0">
  <testcase classname="demo.Dextries" name="verifyDropdown" time="22.578"/>
  <system-out/>
  <testcase classname="demo.Dextries" name="verifyDropdown" time="21.124"/>
  <system-out/>
</testsuite> <!-- demo.Dextries -->
