<?xml version="1.0" encoding="UTF-8"?>
<!-- Generated by org.testng.reporters.JUnitReportReporter -->
<testsuite hostname="DESKTOP-AJLC7JG" failures="0" tests="1" name="testscript.Createadmin" time="33.127" errors="0" timestamp="2024-01-29T10:39:24 IST" skipped="0">
  <testcase classname="testscript.Createadmin" name="testverifyAccount" time="33.127"/>
  <system-out>
    <![CDATA[Createadmin]]>
  </system-out>
</testsuite> <!-- testscript.Createadmin -->
