<?xml version="1.0" encoding="UTF-8"?>
<!-- Generated by org.testng.reporters.JUnitReportReporter -->
<testsuite hostname="DESKTOP-AJLC7JG" failures="0" tests="1" name="com.commerce.testscript.Cart" time="12.196" errors="0" timestamp="2024-01-29T08:34:07 IST" skipped="0">
  <testcase classname="com.commerce.testscript.Cart" name="testverifyCart" time="12.196"/>
  <system-out>
    <![CDATA[verifyCart]]>
  </system-out>
</testsuite> <!-- com.commerce.testscript.Cart -->
