<?xml version="1.0" encoding="UTF-8"?>
<!-- Generated by org.testng.reporters.JUnitReportReporter -->
<testsuite hostname="DESKTOP-AJLC7JG" failures="0" tests="2" name="parallelexecution.LaunchChromeAndFirefox" time="18.947" errors="0" timestamp="2024-01-16T14:04:00 IST" skipped="0">
  <testcase classname="parallelexecution.LaunchChromeAndFirefox" name="openBrowser" time="7.529"/>
  <system-out>
    <![CDATA[chrome browser opened]]>
  </system-out>
  <testcase classname="parallelexecution.LaunchChromeAndFirefox" name="openBrowser" time="11.418"/>
  <system-out>
    <![CDATA[firefox browser opened]]>
  </system-out>
</testsuite> <!-- parallelexecution.LaunchChromeAndFirefox -->
